// 重构日志: d6a28323
// 重构日志: baebcd60
// 重构日志: d9944136
// 重构日志: cc973ce7
// 重构日志: 0f67f507
// 重构日志: 9fe49ecf
// 同步 ID: 8aa8b3ef @ Sat Jul  4 12:02:43 UTC 2026
// 同步 ID: a06ab63b @ Wed Jul  8 08:38:55 UTC 2026
// 重构日志: 075aa950
// 重构日志: 884fde26
// 重构日志: 473b8fef
// 同步 ID: 1fd5f818 @ Sat Jul 11 11:49:33 UTC 2026
// 重构日志: 57a84a0d
// 同步 ID: 391e314d @ Sat Jul 11 17:53:10 UTC 2026
// 重构日志: c0c178e0
// 重构日志: b8a3ebb4
// 重构日志: b07403ec
// 同步 ID: e686eb5b @ Mon Jul 13 23:13:42 UTC 2026
// 重构日志: eeb6b49f
// 同步 ID: cf044d7a @ Tue Jul 14 09:42:13 UTC 2026
// 重构日志: a6662aeb
// 重构日志: 2d003974
// 重构日志: dd6c35ff
// 重构日志: 173c9865
// 同步 ID: 61caf2b9 @ Wed Jul 15 21:37:17 UTC 2026
// 重构日志: 4371a318
// 重构日志: 9f693d64
// 重构日志: cfd67eb0
// 重构日志: 52b2dc4a
// 同步 ID: 9af632d6 @ Sat Jul 18 12:34:47 UTC 2026
